[INFO ] 09-02-2023 16:46:29 Log - src/test/resources/environment/dev.properties
[INFO ] 09-02-2023 16:46:32 Log - Running testcase verify button display
[INFO ] 09-02-2023 16:48:58 Log - src/test/resources/environment/dev.properties
[INFO ] 09-02-2023 16:48:59 Log - Running testcase verify button display
[INFO ] 09-02-2023 16:49:18 Log - Create contacts successfully
[INFO ] 09-02-2023 16:49:26 Log - Edit contacts successfully
[INFO ] 09-02-2023 16:49:47 Log - Delete contacts successfully
[INFO ] 09-02-2023 17:04:06 Log - src/test/resources/environment/dev.properties
[INFO ] 09-02-2023 17:05:11 Log - src/test/resources/environment/dev.properties
[INFO ] 09-02-2023 17:05:17 Log - Edit contacts successfully
[INFO ] 09-02-2023 17:05:39 Log - Delete contacts successfully
[INFO ] 09-02-2023 17:33:36 Log - Start testing Run test on devices 1
[INFO ] 09-02-2023 17:33:52 Log - src/test/resources/environment/dev.properties
[INFO ] 09-02-2023 17:33:53 Log - sendInfoContact test is starting...
[INFO ] 09-02-2023 17:33:54 Log - Running testcase verify button display
[ERROR] 09-02-2023 17:34:06 Log - sendInfoContact test is failed.
[INFO ] 09-02-2023 17:34:07 Log - verifyToastMess test is starting...
[ERROR] 09-02-2023 17:34:37 Log - verifyToastMess test is failed.
[INFO ] 09-02-2023 17:34:38 Log - sendEditInfo test is starting...
[WARN ] 09-02-2023 17:34:38 Log - sendEditInfo test is skipped.
[INFO ] 09-02-2023 17:34:38 Log - verifyToastMess test is starting...
[WARN ] 09-02-2023 17:34:38 Log - verifyToastMess test is skipped.
[INFO ] 09-02-2023 17:34:38 Log - sendMessContact test is starting...
[WARN ] 09-02-2023 17:34:38 Log - sendMessContact test is skipped.
[INFO ] 09-02-2023 17:34:38 Log - deleteContactInfo test is starting...
[ERROR] 09-02-2023 17:34:38 Log - deleteContactInfo test is failed.
[INFO ] 09-02-2023 17:34:39 Log - verifyToastMess test is starting...
[ERROR] 09-02-2023 17:35:09 Log - verifyToastMess test is failed.
[INFO ] 09-02-2023 17:35:10 Log - searchContactInfo test is starting...
[ERROR] 09-02-2023 17:35:11 Log - searchContactInfo test is failed.
[INFO ] 09-02-2023 17:35:14 Log - verifyFirstNameContact test is starting...
[ERROR] 09-02-2023 17:35:14 Log - verifyFirstNameContact test is failed.
[INFO ] 09-02-2023 17:35:18 Log - End testing Run test on devices 1
[INFO ] 09-02-2023 17:36:07 Log - Start testing Run test on devices 1
[INFO ] 09-02-2023 17:36:21 Log - src/test/resources/environment/dev.properties
[INFO ] 09-02-2023 17:36:23 Log - sendInfoContact test is starting...
[INFO ] 09-02-2023 17:36:24 Log - Running testcase verify button display
[INFO ] 09-02-2023 17:36:41 Log - Create contacts successfully
[INFO ] 09-02-2023 17:36:41 Log - sendInfoContact test is passed.
[INFO ] 09-02-2023 17:36:41 Log - verifyToastMess test is starting...
[INFO ] 09-02-2023 17:36:43 Log - verifyToastMess test is passed.
[INFO ] 09-02-2023 17:36:43 Log - sendEditInfo test is starting...
[ERROR] 09-02-2023 17:36:43 Log - sendEditInfo test is failed.
[INFO ] 09-02-2023 17:36:45 Log - verifyToastMess test is starting...
[ERROR] 09-02-2023 17:37:15 Log - verifyToastMess test is failed.
[INFO ] 09-02-2023 17:37:21 Log - sendMessContact test is starting...
[INFO ] 09-02-2023 17:37:31 Log - sendMessContact test is passed.
[INFO ] 09-02-2023 17:37:31 Log - deleteContactInfo test is starting...
[INFO ] 09-02-2023 17:37:33 Log - Delete contacts successfully
[INFO ] 09-02-2023 17:37:33 Log - deleteContactInfo test is passed.
[INFO ] 09-02-2023 17:37:33 Log - verifyToastMess test is starting...
[ERROR] 09-02-2023 17:37:35 Log - verifyToastMess test is failed.
[INFO ] 09-02-2023 17:37:36 Log - searchContactInfo test is starting...
[INFO ] 09-02-2023 17:37:38 Log - searchContactInfo test is passed.
[INFO ] 09-02-2023 17:37:38 Log - verifyFirstNameContact test is starting...
[ERROR] 09-02-2023 17:37:40 Log - verifyFirstNameContact test is failed.
[INFO ] 09-02-2023 17:37:43 Log - End testing Run test on devices 1
[INFO ] 09-02-2023 17:39:33 Log - Start testing Run test on devices 1
[INFO ] 09-02-2023 17:39:48 Log - src/test/resources/environment/dev.properties
[INFO ] 09-02-2023 17:39:49 Log - sendInfoContact test is starting...
[INFO ] 09-02-2023 17:39:51 Log - Running testcase verify button display
[INFO ] 09-02-2023 17:40:07 Log - Create contacts successfully
[INFO ] 09-02-2023 17:40:07 Log - sendInfoContact test is passed.
[INFO ] 09-02-2023 17:40:07 Log - verifyToastMess test is starting...
[INFO ] 09-02-2023 17:40:10 Log - verifyToastMess test is passed.
[INFO ] 09-02-2023 17:40:10 Log - sendEditInfo test is starting...
[INFO ] 09-02-2023 17:40:15 Log - Edit contacts successfully
[INFO ] 09-02-2023 17:40:15 Log - sendEditInfo test is passed.
[INFO ] 09-02-2023 17:40:15 Log - verifyToastMess test is starting...
[INFO ] 09-02-2023 17:40:16 Log - verifyToastMess test is passed.
[INFO ] 09-02-2023 17:40:22 Log - sendMessContact test is starting...
[INFO ] 09-02-2023 17:40:31 Log - sendMessContact test is passed.
[INFO ] 09-02-2023 17:40:31 Log - deleteContactInfo test is starting...
[INFO ] 09-02-2023 17:40:33 Log - Delete contacts successfully
[INFO ] 09-02-2023 17:40:33 Log - deleteContactInfo test is passed.
[INFO ] 09-02-2023 17:40:33 Log - verifyToastMess test is starting...
[INFO ] 09-02-2023 17:40:34 Log - verifyToastMess test is passed.
[INFO ] 09-02-2023 17:40:34 Log - searchContactInfo test is starting...
[INFO ] 09-02-2023 17:40:37 Log - searchContactInfo test is passed.
[INFO ] 09-02-2023 17:40:37 Log - verifyFirstNameContact test is starting...
[ERROR] 09-02-2023 17:40:37 Log - verifyFirstNameContact test is failed.
[INFO ] 09-02-2023 17:40:41 Log - End testing Run test on devices 1
[INFO ] 23-02-2023 11:38:59 Log - Start testing Run test on devices 1
[INFO ] 23-02-2023 11:39:26 Log - sendInfoContact test is starting...
[WARN ] 23-02-2023 11:39:26 Log - sendInfoContact test is skipped.
[INFO ] 23-02-2023 11:39:26 Log - verifyToastMess test is starting...
[WARN ] 23-02-2023 11:39:26 Log - verifyToastMess test is skipped.
[INFO ] 23-02-2023 11:39:26 Log - sendEditInfo test is starting...
[WARN ] 23-02-2023 11:39:26 Log - sendEditInfo test is skipped.
[INFO ] 23-02-2023 11:39:26 Log - verifyToastMess test is starting...
[WARN ] 23-02-2023 11:39:26 Log - verifyToastMess test is skipped.
[INFO ] 23-02-2023 11:39:26 Log - sendMessContact test is starting...
[WARN ] 23-02-2023 11:39:26 Log - sendMessContact test is skipped.
[INFO ] 23-02-2023 11:39:26 Log - deleteContactInfo test is starting...
[WARN ] 23-02-2023 11:39:26 Log - deleteContactInfo test is skipped.
[INFO ] 23-02-2023 11:39:26 Log - verifyToastMess test is starting...
[WARN ] 23-02-2023 11:39:26 Log - verifyToastMess test is skipped.
[INFO ] 23-02-2023 11:39:26 Log - searchContactInfo test is starting...
[WARN ] 23-02-2023 11:39:26 Log - searchContactInfo test is skipped.
[INFO ] 23-02-2023 11:39:26 Log - verifyFirstNameContact test is starting...
[WARN ] 23-02-2023 11:39:26 Log - verifyFirstNameContact test is skipped.
[INFO ] 23-02-2023 11:39:26 Log - End testing Run test on devices 1
[INFO ] 23-02-2023 11:40:03 Log - Start testing Run test on devices 1
[INFO ] 23-02-2023 11:40:27 Log - sendInfoContact test is starting...
[WARN ] 23-02-2023 11:40:27 Log - sendInfoContact test is skipped.
[INFO ] 23-02-2023 11:40:27 Log - verifyToastMess test is starting...
[WARN ] 23-02-2023 11:40:27 Log - verifyToastMess test is skipped.
[INFO ] 23-02-2023 11:40:27 Log - sendEditInfo test is starting...
[WARN ] 23-02-2023 11:40:27 Log - sendEditInfo test is skipped.
[INFO ] 23-02-2023 11:40:27 Log - verifyToastMess test is starting...
[WARN ] 23-02-2023 11:40:27 Log - verifyToastMess test is skipped.
[INFO ] 23-02-2023 11:40:27 Log - sendMessContact test is starting...
[WARN ] 23-02-2023 11:40:27 Log - sendMessContact test is skipped.
[INFO ] 23-02-2023 11:40:27 Log - deleteContactInfo test is starting...
[WARN ] 23-02-2023 11:40:27 Log - deleteContactInfo test is skipped.
[INFO ] 23-02-2023 11:40:27 Log - verifyToastMess test is starting...
[WARN ] 23-02-2023 11:40:27 Log - verifyToastMess test is skipped.
[INFO ] 23-02-2023 11:40:27 Log - searchContactInfo test is starting...
[WARN ] 23-02-2023 11:40:27 Log - searchContactInfo test is skipped.
[INFO ] 23-02-2023 11:40:27 Log - verifyFirstNameContact test is starting...
[WARN ] 23-02-2023 11:40:27 Log - verifyFirstNameContact test is skipped.
[INFO ] 23-02-2023 11:40:27 Log - End testing Run test on devices 1
